<?xml version="1.0" encoding="UTF-8"?>
<!-- Generated by org.testng.reporters.JUnitReportReporter -->
<testsuite hostname="LAPTOP-VOGMRPVK" failures="0" tests="1" name="tests.home" time="0.101" errors="0" timestamp="30 Jan 2022 17:06:43 GMT">
  <testcase classname="tests.home" name="f" time="0.101"/>
</testsuite> <!-- tests.home -->
