<?xml version="1.0" encoding="UTF-8"?>
<!-- Generated by org.testng.reporters.JUnitReportReporter -->
<testsuite hostname="LAPTOP-VOGMRPVK" failures="0" tests="1" name="tests.home" time="0.083" errors="0" timestamp="31 Jan 2022 15:39:34 GMT">
  <testcase classname="tests.home" name="f" time="0.083"/>
</testsuite> <!-- tests.home -->
