<?xml version="1.0" encoding="UTF-8"?>
<!-- Generated by org.testng.reporters.JUnitReportReporter -->
<testsuite hostname="LAPTOP-VOGMRPVK" failures="0" tests="2" name="tests.books" time="0.483" errors="0" timestamp="31 Jan 2022 15:39:34 GMT">
  <testcase classname="tests.books" name="f" time="0.198"/>
  <testcase classname="tests.books" name="f" time="0.285"/>
</testsuite> <!-- tests.books -->
