<?xml version="1.0" encoding="UTF-8"?>
<!-- Generated by org.testng.reporters.JUnitReportReporter -->
<testsuite hostname="LAPTOP-VOGMRPVK" failures="0" tests="2" name="tests.books" time="1.168" errors="0" timestamp="31 Jan 2022 18:20:24 GMT">
  <testcase classname="tests.books" name="f" time="0.702"/>
  <testcase classname="tests.books" name="f" time="0.466"/>
</testsuite> <!-- tests.books -->
