<?xml version="1.0" encoding="UTF-8"?>
<!-- Generated by org.testng.reporters.JUnitReportReporter -->
<testsuite hostname="LAPTOP-VOGMRPVK" failures="0" tests="1" name="tests.home" time="0.436" errors="0" timestamp="30 Jan 2022 16:33:17 GMT">
  <testcase classname="tests.home" name="f" time="0.436"/>
</testsuite> <!-- tests.home -->
