<?xml version="1.0" encoding="UTF-8"?>
<!-- Generated by org.testng.reporters.JUnitReportReporter -->
<testsuite hostname="LAPTOP-VOGMRPVK" failures="0" tests="2" name="tests.books" time="1.100" errors="0" timestamp="31 Jan 2022 17:47:19 GMT">
  <testcase classname="tests.books" name="f" time="0.677"/>
  <testcase classname="tests.books" name="f" time="0.423"/>
</testsuite> <!-- tests.books -->
